<?xml version="1.0" encoding="UTF-8"?>
<testsuite name="com.telran.addressbook.test.GroupDeletionTest" tests="1" skipped="0" failures="0" errors="0" timestamp="2018-11-01T22:54:19" hostname="Zihan49" time="0.78">
  <properties/>
  <testcase name="testGroupDeletion" classname="com.telran.addressbook.test.GroupDeletionTest" time="0.78"/>
  <system-out><![CDATA[]]></system-out>
  <system-err><![CDATA[]]></system-err>
</testsuite>
