<?xml version="1.0" encoding="UTF-8"?>
<testsuite name="com.telran.addressbook.test.GroupCreationTests" tests="1" skipped="0" failures="0" errors="0" timestamp="2018-11-11T18:08:48" hostname="Zihan49" time="3.794">
  <properties/>
  <testcase name="testGroupCreation" classname="com.telran.addressbook.test.GroupCreationTests" time="3.794"/>
  <system-out><![CDATA[]]></system-out>
  <system-err><![CDATA[]]></system-err>
</testsuite>
