<?xml version="1.0" encoding="UTF-8"?>
<testsuite name="com.telran.addressbook.test.GroupModificationTests" tests="1" skipped="0" failures="0" errors="0" timestamp="2018-11-11T18:08:52" hostname="Zihan49" time="2.618">
  <properties/>
  <testcase name="testGroupModification" classname="com.telran.addressbook.test.GroupModificationTests" time="2.618"/>
  <system-out><![CDATA[]]></system-out>
  <system-err><![CDATA[]]></system-err>
</testsuite>
