<?xml version="1.0" encoding="UTF-8"?>
<testsuite name="com.telran.addressbook.test.GroupDeletionTest" tests="1" skipped="0" failures="0" errors="0" timestamp="2018-11-11T17:56:41" hostname="Zihan49" time="3.044">
  <properties/>
  <testcase name="testGroupDeletion" classname="com.telran.addressbook.test.GroupDeletionTest" time="3.044"/>
  <system-out><![CDATA[]]></system-out>
  <system-err><![CDATA[]]></system-err>
</testsuite>
