<?xml version="1.0" encoding="UTF-8"?>
<testsuite name="com.telran.addressbook.test.HwContactCreationTests" tests="1" skipped="0" failures="0" errors="0" timestamp="2018-11-01T22:54:20" hostname="Zihan49" time="4.775">
  <properties/>
  <testcase name="testContactCreation" classname="com.telran.addressbook.test.HwContactCreationTests" time="4.775"/>
  <system-out><![CDATA[]]></system-out>
  <system-err><![CDATA[]]></system-err>
</testsuite>
