<?xml version="1.0" encoding="UTF-8"?>
<testsuite name="com.telran.addressbook.test.HwContactCreationTests" tests="1" skipped="0" failures="0" errors="0" timestamp="2018-11-11T17:56:44" hostname="Zihan49" time="11.799">
  <properties/>
  <testcase name="testContactCreation" classname="com.telran.addressbook.test.HwContactCreationTests" time="11.799"/>
  <system-out><![CDATA[]]></system-out>
  <system-err><![CDATA[]]></system-err>
</testsuite>
