<?xml version="1.0" encoding="UTF-8"?>
<testsuite name="com.telran.addressbook.test.HwContactDeletionTests" tests="1" skipped="0" failures="0" errors="0" timestamp="2018-11-11T18:09:07" hostname="Zihan49" time="3.728">
  <properties/>
  <testcase name="testDeleteContact" classname="com.telran.addressbook.test.HwContactDeletionTests" time="3.728"/>
  <system-out><![CDATA[]]></system-out>
  <system-err><![CDATA[]]></system-err>
</testsuite>
