<?xml version="1.0" encoding="UTF-8"?>
<testsuite name="com.telran.addressbook.test.HwContactDeletionTests" tests="1" skipped="0" failures="0" errors="0" timestamp="2018-11-11T19:10:02" hostname="Zihan49" time="0.671">
  <properties/>
  <testcase name="testDeleteContact" classname="com.telran.addressbook.test.HwContactDeletionTests" time="0.671"/>
  <system-out><![CDATA[]]></system-out>
  <system-err><![CDATA[1541963403111	Marionette	DEBUG	[4294967297] Canceled page load listener because no navigation has been detected
]]></system-err>
</testsuite>
